TIME=2021-03-20-01-48-23-930

======== PackageInfo ========
PackageName=com.hippo.ehviewer
VersionName=1.7.8
VersionCode=109
Signature=B1:BA:54:A7:8D:AD:6C:10:F5:84:20:A9:E7:F1:AD:E6:B0:6A:B4:B5

======== Runtime ========
TopActivity=com.hippo.ehviewer.ui.MainActivity
TopScene=com.hippo.ehviewer.ui.scene.GalleryListScene

======== DeviceInfo ========
BOARD=sdm710
BOOTLOADER=unknown
CPU_ABI=armeabi-v7a
CPU_ABI2=armeabi
DEVICE=ocean
DISPLAY=OPM1.171019.026 dev-keys
FINGERPRINT=SMARTISAN/oxford/oxford:8.1.0/OPM1.171019.026/1604484949:user/dev-keys
HARDWARE=qcom
HOST=build16
ID=OPM1.171019.026
MANUFACTURER=smartisan
MODEL=OE106
PRODUCT=ocean
RADIO=MPSS.AT.4.0.2-00454-SDM710_GEN_PACK-1.199283.1.211295.2
SERIAL=1fa3733d
TAGS=dev-keys
TYPE=user
USER=smartcm
CODENAME=REL
INCREMENTAL=1
RELEASE=8.1.0
SDK=27
MEMORY=5.7 MiB
MEMORY_NATIVE=38.9 MiB
MEMORY_MAX=512.0 MiB
MEMORY_TOTAL=5.5 GiB

======== CrashInfo ========
java.lang.ArithmeticException: divide by zero
	at com.hippo.ehviewer.ui.scene.GalleryAdapter.onBindViewHolder(GalleryAdapter.java:254)
	at com.hippo.ehviewer.ui.scene.GalleryAdapter.onBindViewHolder(GalleryAdapter.java:61)
	at androidx.recyclerview.widget.RecyclerView$Adapter.onBindViewHolder(RecyclerView.java:6781)
	at androidx.recyclerview.widget.RecyclerView$Adapter.bindViewHolder(RecyclerView.java:6823)
	at androidx.recyclerview.widget.RecyclerView$Recycler.tryBindViewHolderByDeadline(RecyclerView.java:5752)
	at androidx.recyclerview.widget.RecyclerView$Recycler.tryGetViewHolderForPositionByDeadline(RecyclerView.java:6019)
	at androidx.recyclerview.widget.RecyclerView$Recycler.getViewForPosition(RecyclerView.java:5858)
	at androidx.recyclerview.widget.RecyclerView$Recycler.getViewForPosition(RecyclerView.java:5854)
	at androidx.recyclerview.widget.LayoutState.next(LayoutState.java:100)
	at androidx.recyclerview.widget.StaggeredGridLayoutManager.fill(StaggeredGridLayoutManager.java:1609)
	at androidx.recyclerview.widget.StaggeredGridLayoutManager.onLayoutChildren(StaggeredGridLayoutManager.java:683)
	at androidx.recyclerview.widget.StaggeredGridLayoutManager.onLayoutChildren(StaggeredGridLayoutManager.java:605)
	at androidx.recyclerview.widget.RecyclerView.dispatchLayoutStep2(RecyclerView.java:3924)
	at androidx.recyclerview.widget.RecyclerView.dispatchLayout(RecyclerView.java:3641)
	at androidx.recyclerview.widget.RecyclerView.onLayout(RecyclerView.java:4194)
	at android.view.View.layout(View.java:20113)
	at android.view.ViewGroup.layout(ViewGroup.java:6192)
	at com.hippo.refreshlayout.RefreshLayout.onLayout(RefreshLayout.java:746)
	at android.view.View.layout(View.java:20113)
	at android.view.ViewGroup.layout(ViewGroup.java:6192)
	at android.widget.FrameLayout.layoutChildren(FrameLayout.java:327)
	at android.widget.FrameLayout.onLayout(FrameLayout.java:261)
	at android.view.View.layout(View.java:20113)
	at android.view.ViewGroup.layout(ViewGroup.java:6192)
	at android.widget.FrameLayout.layoutChildren(FrameLayout.java:327)
	at android.widget.FrameLayout.onLayout(FrameLayout.java:261)
	at android.view.View.layout(View.java:20113)
	at android.view.ViewGroup.layout(ViewGroup.java:6192)
	at android.widget.FrameLayout.layoutChildren(FrameLayout.java:327)
	at android.widget.FrameLayout.onLayout(FrameLayout.java:261)
	at android.view.View.layout(View.java:20113)
	at android.view.ViewGroup.layout(ViewGroup.java:6192)
	at android.widget.FrameLayout.layoutChildren(FrameLayout.java:327)
	at android.widget.FrameLayout.onLayout(FrameLayout.java:261)
	at android.view.View.layout(View.java:20113)
	at android.view.ViewGroup.layout(ViewGroup.java:6192)
	at com.hippo.drawerlayout.DrawerLayout.onLayout(DrawerLayout.java:568)
	at android.view.View.layout(View.java:20113)
	at android.view.ViewGroup.layout(ViewGroup.java:6192)
	at androidx.coordinatorlayout.widget.CoordinatorLayout.layoutChild(CoordinatorLayout.java:1183)
	at androidx.coordinatorlayout.widget.CoordinatorLayout.onLayoutChild(CoordinatorLayout.java:870)
	at androidx.coordinatorlayout.widget.CoordinatorLayout.onLayout(CoordinatorLayout.java:889)
	at android.view.View.layout(View.java:20113)
	at android.view.ViewGroup.layout(ViewGroup.java:6192)
	at android.widget.FrameLayout.layoutChildren(FrameLayout.java:327)
	at android.widget.FrameLayout.onLayout(FrameLayout.java:261)
	at android.view.View.layout(View.java:20113)
	at android.view.ViewGroup.layout(ViewGroup.java:6192)
	at android.widget.LinearLayout.setChildFrame(LinearLayout.java:1791)
	at android.widget.LinearLayout.layoutVertical(LinearLayout.java:1635)
	at android.widget.LinearLayout.onLayout(LinearLayout.java:1544)
	at android.view.View.layout(View.java:20113)
	at android.view.ViewGroup.layout(ViewGroup.java:6192)
	at android.widget.FrameLayout.layoutChildren(FrameLayout.java:327)
	at android.widget.FrameLayout.onLayout(FrameLayout.java:261)
	at android.view.View.layout(View.java:20113)
	at android.view.ViewGroup.layout(ViewGroup.java:6192)
	at android.widget.LinearLayout.setChildFrame(LinearLayout.java:1791)
	at android.widget.LinearLayout.layoutVertical(LinearLayout.java:1635)
	at android.widget.LinearLayout.onLayout(LinearLayout.java:1544)
	at android.view.View.layout(View.java:20113)
	at android.view.ViewGroup.layout(ViewGroup.java:6192)
	at android.widget.FrameLayout.layoutChildren(FrameLayout.java:327)
	at android.widget.FrameLayout.onLayout(FrameLayout.java:261)
	at com.android.internal.policy.DecorView.onLayout(DecorView.java:1103)
	at android.view.View.layout(View.java:20113)
	at android.view.ViewGroup.layout(ViewGroup.java:6192)
	at android.view.ViewRootImpl.performLayout(ViewRootImpl.java:2933)
	at android.view.ViewRootImpl.performTraversals(ViewRootImpl.java:2634)
	at android.view.ViewRootImpl.doTraversal(ViewRootImpl.java:1758)
	at android.view.ViewRootImpl$TraversalRunnable.run(ViewRootImpl.java:7863)
	at android.view.Choreographer$CallbackRecord.run(Choreographer.java:975)
	at android.view.Choreographer.doCallbacks(Choreographer.java:781)
	at android.view.Choreographer.doFrame(Choreographer.java:716)
	at android.view.Choreographer$FrameDisplayEventReceiver.run(Choreographer.java:961)
	at android.os.Handler.handleCallback(Handler.java:790)
	at android.os.Handler.dispatchMessage(Handler.java:99)
	at android.os.Looper.loop(Looper.java:167)
	at android.app.ActivityThread.main(ActivityThread.java:7146)
	at java.lang.reflect.Method.invoke(Native Method)
	at com.android.internal.os.RuntimeInit$MethodAndArgsCaller.run(RuntimeInit.java:438)
	at com.android.internal.os.ZygoteInit.main(ZygoteInit.java:820)

